2022-04-16 12:51:03,757 INFO {'vecid': 242606374551181, 'locationx': 31.347566666666665, 'locationy': 30.06169166666667, 'velocityx': 0.0, 'velocityy': 0.0, 'acceleration': 0.0, 'stop': 0, 'angle': 360.0, 'direction': ''}
2022-04-16 12:51:06,753 INFO {'vecid': 242606374551181, 'locationx': 31.347566666666665, 'locationy': 30.06169166666667, 'velocityx': 0.0, 'velocityy': 0.0, 'acceleration': 0.0, 'stop': 0, 'angle': 360.0, 'direction': ''}
2022-04-16 12:51:09,750 INFO {'vecid': 242606374551181, 'locationx': 31.347566666666665, 'locationy': 30.06169166666667, 'velocityx': 0.0, 'velocityy': 0.0, 'acceleration': 0.0, 'stop': 0, 'angle': 360.0, 'direction': ''}
2022-04-16 13:02:37,673 INFO {'vecid': 242606374551181, 'locationx': 31.347566666666665, 'locationy': 30.06169166666667, 'velocityx': 0.0, 'velocityy': 0.0, 'acceleration': 0.0, 'stop': 0, 'angle': 360.0, 'direction': ''}
2022-04-16 13:02:40,677 INFO {'vecid': 242606374551181, 'locationx': 31.347566666666665, 'locationy': 30.06169166666667, 'velocityx': 0.0, 'velocityy': 0.0, 'acceleration': 0.0, 'stop': 0, 'angle': 360.0, 'direction': ''}
2022-04-16 13:02:43,672 INFO {'vecid': 242606374551181, 'locationx': 31.347566666666665, 'locationy': 30.06169166666667, 'velocityx': 0.0, 'velocityy': 0.0, 'acceleration': 0.0, 'stop': 0, 'angle': 360.0, 'direction': ''}
2022-04-16 13:02:46,671 INFO {'vecid': 242606374551181, 'locationx': 31.347566666666665, 'locationy': 30.06169166666667, 'velocityx': 0.0, 'velocityy': 0.0, 'acceleration': 0.0, 'stop': 0, 'angle': 360.0, 'direction': ''}
2022-04-16 13:02:49,686 INFO {'vecid': 242606374551181, 'locationx': 31.347566666666665, 'locationy': 30.06169166666667, 'velocityx': 0.0, 'velocityy': 0.0, 'acceleration': 0.0, 'stop': 0, 'angle': 360.0, 'direction': ''}
2022-04-16 13:04:11,704 INFO {'vecid': 242606374551181, 'locationx': 31.347566666666665, 'locationy': 30.06169166666667, 'velocityx': 0.0, 'velocityy': 0.0, 'acceleration': 0.0, 'stop': 0, 'angle': 360.0, 'direction': ''}
2022-04-16 13:04:14,697 INFO {'vecid': 242606374551181, 'locationx': 31.347566666666665, 'locationy': 30.06169166666667, 'velocityx': 0.0, 'velocityy': 0.0, 'acceleration': 0.0, 'stop': 0, 'angle': 360.0, 'direction': ''}
2022-04-16 13:04:17,702 INFO {'vecid': 242606374551181, 'locationx': 31.347566666666665, 'locationy': 30.06169166666667, 'velocityx': 0.0, 'velocityy': 0.0, 'acceleration': 0.0, 'stop': 0, 'angle': 360.0, 'direction': ''}
2022-04-16 13:04:20,705 INFO {'vecid': 242606374551181, 'locationx': 31.347566666666665, 'locationy': 30.06169166666667, 'velocityx': 0.0, 'velocityy': 0.0, 'acceleration': 0.0, 'stop': 0, 'angle': 360.0, 'direction': ''}
2022-04-16 13:08:46,815 INFO {'vecid': 242606374551181, 'locationx': 31.347566666666665, 'locationy': 30.06169166666667, 'velocityx': 0.0, 'velocityy': 0.0, 'acceleration': 0.0, 'stop': 0, 'angle': 360.0, 'direction': ''}
2022-04-16 13:08:49,827 INFO {'vecid': 242606374551181, 'locationx': 31.347566666666665, 'locationy': 30.06169166666667, 'velocityx': 0.0, 'velocityy': 0.0, 'acceleration': 0.0, 'stop': 0, 'angle': 360.0, 'direction': ''}
2022-04-16 13:08:52,813 INFO {'vecid': 242606374551181, 'locationx': 31.347566666666665, 'locationy': 30.06169166666667, 'velocityx': 0.0, 'velocityy': 0.0, 'acceleration': 0.0, 'stop': 0, 'angle': 360.0, 'direction': ''}
2022-04-16 13:08:55,811 INFO {'vecid': 242606374551181, 'locationx': 31.347566666666665, 'locationy': 30.06169166666667, 'velocityx': 0.0, 'velocityy': 0.0, 'acceleration': 0.0, 'stop': 0, 'angle': 360.0, 'direction': ''}
2022-04-16 13:08:58,812 INFO {'vecid': 242606374551181, 'locationx': 31.347566666666665, 'locationy': 30.06169166666667, 'velocityx': 0.0, 'velocityy': 0.0, 'acceleration': 0.0, 'stop': 0, 'angle': 360.0, 'direction': ''}
2022-04-16 13:09:01,804 INFO {'vecid': 242606374551181, 'locationx': 31.347566666666665, 'locationy': 30.06169166666667, 'velocityx': 0.0, 'velocityy': 0.0, 'acceleration': 0.0, 'stop': 0, 'angle': 360.0, 'direction': ''}
2022-04-16 13:09:04,787 INFO {'vecid': 242606374551181, 'locationx': 31.347566666666665, 'locationy': 30.06169166666667, 'velocityx': 0.0, 'velocityy': 0.0, 'acceleration': 0.0, 'stop': 0, 'angle': 360.0, 'direction': ''}
2022-04-16 13:09:46,680 INFO {'vecid': 242606374551181, 'locationx': 31.347566666666665, 'locationy': 30.06169166666667, 'velocityx': 0.0, 'velocityy': 0.0, 'acceleration': 0.0, 'stop': False, 'angle': 360.0, 'direction': ''}
2022-04-16 13:09:49,677 INFO {'vecid': 242606374551181, 'locationx': 31.347566666666665, 'locationy': 30.06169166666667, 'velocityx': 0.0, 'velocityy': 0.0, 'acceleration': 0.0, 'stop': False, 'angle': 360.0, 'direction': ''}
2022-04-16 13:09:52,672 INFO {'vecid': 242606374551181, 'locationx': 31.347566666666665, 'locationy': 30.06169166666667, 'velocityx': 0.0, 'velocityy': 0.0, 'acceleration': 0.0, 'stop': False, 'angle': 360.0, 'direction': ''}
2022-04-16 13:13:46,827 INFO {'vecid': 242606374551181, 'locationx': 31.347566666666665, 'locationy': 30.06169166666667, 'velocityx': 0.0, 'velocityy': 0.0, 'acceleration': 0.0, 'stop': False, 'angle': 360.0, 'direction': ''}
2022-04-16 13:13:49,817 INFO {'vecid': 242606374551181, 'locationx': 31.347566666666665, 'locationy': 30.06169166666667, 'velocityx': 0.0, 'velocityy': 0.0, 'acceleration': 0.0, 'stop': True, 'angle': 360.0, 'direction': ''}
2022-04-16 13:13:52,818 INFO {'vecid': 242606374551181, 'locationx': 31.347566666666665, 'locationy': 30.06169166666667, 'velocityx': 0.0, 'velocityy': 0.0, 'acceleration': 0.0, 'stop': False, 'angle': 360.0, 'direction': ''}
2022-04-16 13:13:55,829 INFO {'vecid': 242606374551181, 'locationx': 31.347566666666665, 'locationy': 30.06169166666667, 'velocityx': 0.0, 'velocityy': 0.0, 'acceleration': 0.0, 'stop': False, 'angle': 360.0, 'direction': ''}
2022-04-16 13:13:58,831 INFO {'vecid': 242606374551181, 'locationx': 31.347566666666665, 'locationy': 30.06169166666667, 'velocityx': 0.0, 'velocityy': 0.0, 'acceleration': 0.0, 'stop': False, 'angle': 360.0, 'direction': ''}
2022-04-16 13:14:01,823 INFO {'vecid': 242606374551181, 'locationx': 31.347566666666665, 'locationy': 30.06169166666667, 'velocityx': 0.0, 'velocityy': 0.0, 'acceleration': 0.0, 'stop': False, 'angle': 360.0, 'direction': ''}
2022-04-16 13:14:04,824 INFO {'vecid': 242606374551181, 'locationx': 31.347566666666665, 'locationy': 30.06169166666667, 'velocityx': 0.0, 'velocityy': 0.0, 'acceleration': 0.0, 'stop': False, 'angle': 360.0, 'direction': ''}
2022-04-16 13:14:07,824 INFO {'vecid': 242606374551181, 'locationx': 31.347566666666665, 'locationy': 30.06169166666667, 'velocityx': 0.0, 'velocityy': 0.0, 'acceleration': 0.0, 'stop': False, 'angle': 360.0, 'direction': ''}
2022-04-16 13:14:10,825 INFO {'vecid': 242606374551181, 'locationx': 31.347566666666665, 'locationy': 30.06169166666667, 'velocityx': 0.0, 'velocityy': 0.0, 'acceleration': 0.0, 'stop': False, 'angle': 360.0, 'direction': ''}
2022-04-16 13:14:13,827 INFO {'vecid': 242606374551181, 'locationx': 31.347566666666665, 'locationy': 30.06169166666667, 'velocityx': 0.0, 'velocityy': 0.0, 'acceleration': 0.0, 'stop': False, 'angle': 360.0, 'direction': ''}
2022-04-16 13:14:16,827 INFO {'vecid': 242606374551181, 'locationx': 31.347566666666665, 'locationy': 30.06169166666667, 'velocityx': 0.0, 'velocityy': 0.0, 'acceleration': 0.0, 'stop': True, 'angle': 360.0, 'direction': ''}
2022-04-16 13:14:19,849 INFO {'vecid': 242606374551181, 'locationx': 31.347566666666665, 'locationy': 30.06169166666667, 'velocityx': 0.0, 'velocityy': 0.0, 'acceleration': 0.0, 'stop': True, 'angle': 360.0, 'direction': ''}
2022-04-16 13:14:22,835 INFO {'vecid': 242606374551181, 'locationx': 31.347566666666665, 'locationy': 30.06169166666667, 'velocityx': 0.0, 'velocityy': 0.0, 'acceleration': 0.0, 'stop': True, 'angle': 360.0, 'direction': ''}
2022-04-16 13:14:25,837 INFO {'vecid': 242606374551181, 'locationx': 31.347566666666665, 'locationy': 30.06169166666667, 'velocityx': 0.0, 'velocityy': 0.0, 'acceleration': 0.0, 'stop': True, 'angle': 360.0, 'direction': ''}
2022-04-16 13:14:28,838 INFO {'vecid': 242606374551181, 'locationx': 31.347566666666665, 'locationy': 30.06169166666667, 'velocityx': 0.0, 'velocityy': 0.0, 'acceleration': 0.0, 'stop': True, 'angle': 360.0, 'direction': ''}
2022-04-16 13:14:31,841 INFO {'vecid': 242606374551181, 'locationx': 31.347566666666665, 'locationy': 30.06169166666667, 'velocityx': 0.0, 'velocityy': 0.0, 'acceleration': 0.0, 'stop': False, 'angle': 360.0, 'direction': ''}
2022-04-16 13:14:34,835 INFO {'vecid': 242606374551181, 'locationx': 31.347566666666665, 'locationy': 30.06169166666667, 'velocityx': 0.0, 'velocityy': 0.0, 'acceleration': 0.0, 'stop': False, 'angle': 360.0, 'direction': ''}
2022-04-16 13:14:37,842 INFO {'vecid': 242606374551181, 'locationx': 31.347566666666665, 'locationy': 30.06169166666667, 'velocityx': 0.0, 'velocityy': 0.0, 'acceleration': 0.0, 'stop': True, 'angle': 360.0, 'direction': ''}
2022-04-16 13:14:40,846 INFO {'vecid': 242606374551181, 'locationx': 31.347566666666665, 'locationy': 30.06169166666667, 'velocityx': 0.0, 'velocityy': 0.0, 'acceleration': 0.0, 'stop': True, 'angle': 360.0, 'direction': ''}
2022-04-16 13:14:43,841 INFO {'vecid': 242606374551181, 'locationx': 31.347566666666665, 'locationy': 30.06169166666667, 'velocityx': 0.0, 'velocityy': 0.0, 'acceleration': 0.0, 'stop': True, 'angle': 360.0, 'direction': ''}
2022-04-16 13:14:46,839 INFO {'vecid': 242606374551181, 'locationx': 31.347566666666665, 'locationy': 30.06169166666667, 'velocityx': 0.0, 'velocityy': 0.0, 'acceleration': 0.0, 'stop': True, 'angle': 360.0, 'direction': ''}
2022-04-16 13:14:49,839 INFO {'vecid': 242606374551181, 'locationx': 31.347566666666665, 'locationy': 30.06169166666667, 'velocityx': 0.0, 'velocityy': 0.0, 'acceleration': 0.0, 'stop': False, 'angle': 360.0, 'direction': ''}
2022-04-16 13:14:52,840 INFO {'vecid': 242606374551181, 'locationx': 31.347566666666665, 'locationy': 30.06169166666667, 'velocityx': 0.0, 'velocityy': 0.0, 'acceleration': 0.0, 'stop': False, 'angle': 360.0, 'direction': ''}
2022-04-16 13:14:55,846 INFO {'vecid': 242606374551181, 'locationx': 31.347566666666665, 'locationy': 30.06169166666667, 'velocityx': 0.0, 'velocityy': 0.0, 'acceleration': 0.0, 'stop': False, 'angle': 360.0, 'direction': ''}
2022-04-16 13:15:10,847 INFO {'vecid': 242606374551181, 'locationx': 31.347566666666665, 'locationy': 30.06169166666667, 'velocityx': 0.0, 'velocityy': 0.0, 'acceleration': 0.0, 'stop': False, 'angle': 360.0, 'direction': ''}
2022-04-16 13:15:13,846 INFO {'vecid': 242606374551181, 'locationx': 31.347566666666665, 'locationy': 30.06169166666667, 'velocityx': 0.0, 'velocityy': 0.0, 'acceleration': 0.0, 'stop': False, 'angle': 360.0, 'direction': ''}
2022-04-16 13:15:16,851 INFO {'vecid': 242606374551181, 'locationx': 31.347566666666665, 'locationy': 30.06169166666667, 'velocityx': 0.0, 'velocityy': 0.0, 'acceleration': 0.0, 'stop': False, 'angle': 360.0, 'direction': ''}
2022-04-16 13:15:19,865 INFO {'vecid': 242606374551181, 'locationx': 31.347566666666665, 'locationy': 30.06169166666667, 'velocityx': 0.0, 'velocityy': 0.0, 'acceleration': 0.0, 'stop': False, 'angle': 360.0, 'direction': ''}
2022-04-16 13:15:22,861 INFO {'vecid': 242606374551181, 'locationx': 31.347566666666665, 'locationy': 30.06169166666667, 'velocityx': 0.0, 'velocityy': 0.0, 'acceleration': 0.0, 'stop': True, 'angle': 360.0, 'direction': ''}
2022-04-16 13:15:25,856 INFO {'vecid': 242606374551181, 'locationx': 31.347566666666665, 'locationy': 30.06169166666667, 'velocityx': 0.0, 'velocityy': 0.0, 'acceleration': 0.0, 'stop': True, 'angle': 360.0, 'direction': ''}
2022-04-16 13:15:28,860 INFO {'vecid': 242606374551181, 'locationx': 31.347566666666665, 'locationy': 30.06169166666667, 'velocityx': 0.0, 'velocityy': 0.0, 'acceleration': 0.0, 'stop': True, 'angle': 360.0, 'direction': ''}
2022-04-16 13:15:31,855 INFO {'vecid': 242606374551181, 'locationx': 31.347566666666665, 'locationy': 30.06169166666667, 'velocityx': 0.0, 'velocityy': 0.0, 'acceleration': 0.0, 'stop': True, 'angle': 360.0, 'direction': ''}
2022-04-16 13:15:34,859 INFO {'vecid': 242606374551181, 'locationx': 31.347566666666665, 'locationy': 30.06169166666667, 'velocityx': 0.0, 'velocityy': 0.0, 'acceleration': 0.0, 'stop': False, 'angle': 360.0, 'direction': ''}
2022-04-16 13:15:37,865 INFO {'vecid': 242606374551181, 'locationx': 31.347566666666665, 'locationy': 30.06169166666667, 'velocityx': 0.0, 'velocityy': 0.0, 'acceleration': 0.0, 'stop': False, 'angle': 360.0, 'direction': ''}
2022-04-16 13:15:40,877 INFO {'vecid': 242606374551181, 'locationx': 31.347566666666665, 'locationy': 30.06169166666667, 'velocityx': 0.0, 'velocityy': 0.0, 'acceleration': 0.0, 'stop': False, 'angle': 360.0, 'direction': ''}
2022-04-16 13:15:43,850 INFO {'vecid': 242606374551181, 'locationx': 31.347566666666665, 'locationy': 30.06169166666667, 'velocityx': 0.0, 'velocityy': 0.0, 'acceleration': 0.0, 'stop': False, 'angle': 360.0, 'direction': ''}
2022-04-16 13:15:46,833 INFO {'vecid': 242606374551181, 'locationx': 31.347566666666665, 'locationy': 30.06169166666667, 'velocityx': 0.0, 'velocityy': 0.0, 'acceleration': 0.0, 'stop': False, 'angle': 360.0, 'direction': ''}
2022-04-16 13:17:12,793 INFO {'vecid': 242606374551181, 'locationx': 31.347566666666665, 'locationy': 30.06169166666667, 'velocityx': 0.0, 'velocityy': 0.0, 'acceleration': 0.0, 'stop': False, 'angle': 360.0, 'direction': ''}
2022-04-16 13:17:15,784 INFO {'vecid': 242606374551181, 'locationx': 31.347566666666665, 'locationy': 30.06169166666667, 'velocityx': 0.0, 'velocityy': 0.0, 'acceleration': 0.0, 'stop': False, 'angle': 360.0, 'direction': ''}
2022-04-16 13:17:18,785 INFO {'vecid': 242606374551181, 'locationx': 31.347566666666665, 'locationy': 30.06169166666667, 'velocityx': 0.0, 'velocityy': 0.0, 'acceleration': 0.0, 'stop': False, 'angle': 360.0, 'direction': ''}
2022-04-16 13:17:21,786 INFO {'vecid': 242606374551181, 'locationx': 31.347566666666665, 'locationy': 30.06169166666667, 'velocityx': 0.0, 'velocityy': 0.0, 'acceleration': 0.0, 'stop': False, 'angle': 360.0, 'direction': ''}
2022-04-16 13:17:24,789 INFO {'vecid': 242606374551181, 'locationx': 31.347566666666665, 'locationy': 30.06169166666667, 'velocityx': 0.0, 'velocityy': 0.0, 'acceleration': 0.0, 'stop': False, 'angle': 360.0, 'direction': ''}
2022-04-16 13:17:27,783 INFO {'vecid': 242606374551181, 'locationx': 31.347566666666665, 'locationy': 30.06169166666667, 'velocityx': 0.0, 'velocityy': 0.0, 'acceleration': 0.0, 'stop': False, 'angle': 360.0, 'direction': ''}
2022-04-16 13:17:30,779 INFO {'vecid': 242606374551181, 'locationx': 31.347566666666665, 'locationy': 30.06169166666667, 'velocityx': 0.0, 'velocityy': 0.0, 'acceleration': 0.0, 'stop': False, 'angle': 360.0, 'direction': ''}
2022-04-16 13:17:38,781 INFO {'vecid': 242606374551181, 'locationx': 31.347566666666665, 'locationy': 30.06169166666667, 'velocityx': 0.0, 'velocityy': 0.0, 'acceleration': 0.0, 'stop': False, 'angle': 360.0, 'direction': ''}
2022-04-16 13:17:41,773 INFO {'vecid': 242606374551181, 'locationx': 31.347566666666665, 'locationy': 30.06169166666667, 'velocityx': 0.0, 'velocityy': 0.0, 'acceleration': 0.0, 'stop': True, 'angle': 360.0, 'direction': ''}
2022-04-16 13:17:44,776 INFO {'vecid': 242606374551181, 'locationx': 31.347566666666665, 'locationy': 30.06169166666667, 'velocityx': 0.0, 'velocityy': 0.0, 'acceleration': 0.0, 'stop': True, 'angle': 360.0, 'direction': ''}
2022-04-16 13:17:47,779 INFO {'vecid': 242606374551181, 'locationx': 31.347566666666665, 'locationy': 30.06169166666667, 'velocityx': 0.0, 'velocityy': 0.0, 'acceleration': 0.0, 'stop': True, 'angle': 360.0, 'direction': ''}
2022-04-16 13:17:50,772 INFO {'vecid': 242606374551181, 'locationx': 31.347566666666665, 'locationy': 30.06169166666667, 'velocityx': 0.0, 'velocityy': 0.0, 'acceleration': 0.0, 'stop': True, 'angle': 360.0, 'direction': ''}
2022-04-16 13:17:53,776 INFO {'vecid': 242606374551181, 'locationx': 31.347566666666665, 'locationy': 30.06169166666667, 'velocityx': 0.0, 'velocityy': 0.0, 'acceleration': 0.0, 'stop': False, 'angle': 360.0, 'direction': ''}
2022-04-16 13:17:56,771 INFO {'vecid': 242606374551181, 'locationx': 31.347566666666665, 'locationy': 30.06169166666667, 'velocityx': 0.0, 'velocityy': 0.0, 'acceleration': 0.0, 'stop': False, 'angle': 360.0, 'direction': ''}
2022-04-16 13:17:59,810 INFO {'vecid': 242606374551181, 'locationx': 31.347566666666665, 'locationy': 30.06169166666667, 'velocityx': 0.0, 'velocityy': 0.0, 'acceleration': 0.0, 'stop': False, 'angle': 360.0, 'direction': ''}
2022-04-16 13:18:02,774 INFO {'vecid': 242606374551181, 'locationx': 31.347566666666665, 'locationy': 30.06169166666667, 'velocityx': 0.0, 'velocityy': 0.0, 'acceleration': 0.0, 'stop': False, 'angle': 360.0, 'direction': ''}
2022-04-16 13:18:05,774 INFO {'vecid': 242606374551181, 'locationx': 31.347566666666665, 'locationy': 30.06169166666667, 'velocityx': 0.0, 'velocityy': 0.0, 'acceleration': 0.0, 'stop': False, 'angle': 360.0, 'direction': ''}
2022-04-16 13:18:08,769 INFO {'vecid': 242606374551181, 'locationx': 31.347566666666665, 'locationy': 30.06169166666667, 'velocityx': 0.0, 'velocityy': 0.0, 'acceleration': 0.0, 'stop': False, 'angle': 360.0, 'direction': ''}
2022-04-16 13:18:11,767 INFO {'vecid': 242606374551181, 'locationx': 31.347566666666665, 'locationy': 30.06169166666667, 'velocityx': 0.0, 'velocityy': 0.0, 'acceleration': 0.0, 'stop': False, 'angle': 360.0, 'direction': ''}
2022-04-16 13:18:14,772 INFO {'vecid': 242606374551181, 'locationx': 31.347566666666665, 'locationy': 30.06169166666667, 'velocityx': 0.0, 'velocityy': 0.0, 'acceleration': 0.0, 'stop': True, 'angle': 360.0, 'direction': ''}
2022-04-16 13:18:17,769 INFO {'vecid': 242606374551181, 'locationx': 31.347566666666665, 'locationy': 30.06169166666667, 'velocityx': 0.0, 'velocityy': 0.0, 'acceleration': 0.0, 'stop': False, 'angle': 360.0, 'direction': ''}
2022-04-16 13:18:20,766 INFO {'vecid': 242606374551181, 'locationx': 31.347566666666665, 'locationy': 30.06169166666667, 'velocityx': 0.0, 'velocityy': 0.0, 'acceleration': 0.0, 'stop': False, 'angle': 360.0, 'direction': ''}
2022-04-16 13:18:23,772 INFO {'vecid': 242606374551181, 'locationx': 31.347566666666665, 'locationy': 30.06169166666667, 'velocityx': 0.0, 'velocityy': 0.0, 'acceleration': 0.0, 'stop': False, 'angle': 360.0, 'direction': ''}
2022-04-16 13:18:26,771 INFO {'vecid': 242606374551181, 'locationx': 31.347566666666665, 'locationy': 30.06169166666667, 'velocityx': 0.0, 'velocityy': 0.0, 'acceleration': 0.0, 'stop': False, 'angle': 360.0, 'direction': ''}
2022-04-16 13:18:29,764 INFO {'vecid': 242606374551181, 'locationx': 31.347566666666665, 'locationy': 30.06169166666667, 'velocityx': 0.0, 'velocityy': 0.0, 'acceleration': 0.0, 'stop': False, 'angle': 360.0, 'direction': ''}
2022-04-16 13:18:32,768 INFO {'vecid': 242606374551181, 'locationx': 31.347566666666665, 'locationy': 30.06169166666667, 'velocityx': 0.0, 'velocityy': 0.0, 'acceleration': 0.0, 'stop': True, 'angle': 360.0, 'direction': ''}
2022-04-16 13:18:35,774 INFO {'vecid': 242606374551181, 'locationx': 31.347566666666665, 'locationy': 30.06169166666667, 'velocityx': 0.0, 'velocityy': 0.0, 'acceleration': 0.0, 'stop': True, 'angle': 360.0, 'direction': ''}
2022-04-16 13:18:38,776 INFO {'vecid': 242606374551181, 'locationx': 31.347566666666665, 'locationy': 30.06169166666667, 'velocityx': 0.0, 'velocityy': 0.0, 'acceleration': 0.0, 'stop': False, 'angle': 360.0, 'direction': ''}
2022-04-16 13:18:49,770 INFO {'vecid': 242606374551181, 'locationx': 31.347566666666665, 'locationy': 30.06169166666667, 'velocityx': 0.0, 'velocityy': 0.0, 'acceleration': 0.0, 'stop': False, 'angle': 360.0, 'direction': ''}
2022-04-16 13:19:27,787 INFO {'vecid': 242606374551181, 'locationx': 31.347566666666665, 'locationy': 30.06169166666667, 'velocityx': 0.0, 'velocityy': 0.0, 'acceleration': 0.0, 'stop': False, 'angle': 360.0, 'direction': ''}
2022-04-16 13:19:30,786 INFO {'vecid': 242606374551181, 'locationx': 31.347566666666665, 'locationy': 30.06169166666667, 'velocityx': 0.0, 'velocityy': 0.0, 'acceleration': 0.0, 'stop': False, 'angle': 360.0, 'direction': ''}
2022-04-16 13:19:33,779 INFO {'vecid': 242606374551181, 'locationx': 31.347566666666665, 'locationy': 30.06169166666667, 'velocityx': 0.0, 'velocityy': 0.0, 'acceleration': 0.0, 'stop': False, 'angle': 360.0, 'direction': ''}
2022-04-16 13:19:36,779 INFO {'vecid': 242606374551181, 'locationx': 31.347566666666665, 'locationy': 30.06169166666667, 'velocityx': 0.0, 'velocityy': 0.0, 'acceleration': 0.0, 'stop': False, 'angle': 360.0, 'direction': ''}
2022-04-16 13:19:39,772 INFO {'vecid': 242606374551181, 'locationx': 31.347566666666665, 'locationy': 30.06169166666667, 'velocityx': 0.0, 'velocityy': 0.0, 'acceleration': 0.0, 'stop': False, 'angle': 360.0, 'direction': ''}
2022-04-16 13:19:47,786 INFO {'vecid': 242606374551181, 'locationx': 31.347566666666665, 'locationy': 30.06169166666667, 'velocityx': 0.0, 'velocityy': 0.0, 'acceleration': 0.0, 'stop': False, 'angle': 360.0, 'direction': ''}
2022-04-16 13:19:50,775 INFO {'vecid': 242606374551181, 'locationx': 31.347566666666665, 'locationy': 30.06169166666667, 'velocityx': 0.0, 'velocityy': 0.0, 'acceleration': 0.0, 'stop': False, 'angle': 360.0, 'direction': ''}
2022-04-16 13:19:53,780 INFO {'vecid': 242606374551181, 'locationx': 31.347566666666665, 'locationy': 30.06169166666667, 'velocityx': 0.0, 'velocityy': 0.0, 'acceleration': 0.0, 'stop': False, 'angle': 360.0, 'direction': ''}
2022-04-16 13:19:56,774 INFO {'vecid': 242606374551181, 'locationx': 31.347566666666665, 'locationy': 30.06169166666667, 'velocityx': 0.0, 'velocityy': 0.0, 'acceleration': 0.0, 'stop': False, 'angle': 360.0, 'direction': ''}
2022-04-16 13:19:59,779 INFO {'vecid': 242606374551181, 'locationx': 31.347566666666665, 'locationy': 30.06169166666667, 'velocityx': 0.0, 'velocityy': 0.0, 'acceleration': 0.0, 'stop': False, 'angle': 360.0, 'direction': ''}
2022-04-16 13:20:02,779 INFO {'vecid': 242606374551181, 'locationx': 31.347566666666665, 'locationy': 30.06169166666667, 'velocityx': 0.0, 'velocityy': 0.0, 'acceleration': 0.0, 'stop': False, 'angle': 360.0, 'direction': ''}
2022-04-16 13:20:05,779 INFO {'vecid': 242606374551181, 'locationx': 31.347566666666665, 'locationy': 30.06169166666667, 'velocityx': 0.0, 'velocityy': 0.0, 'acceleration': 0.0, 'stop': False, 'angle': 360.0, 'direction': ''}
2022-04-16 13:20:08,774 INFO {'vecid': 242606374551181, 'locationx': 31.347566666666665, 'locationy': 30.06169166666667, 'velocityx': 0.0, 'velocityy': 0.0, 'acceleration': 0.0, 'stop': False, 'angle': 360.0, 'direction': ''}
2022-04-16 13:20:17,780 INFO {'vecid': 242606374551181, 'locationx': 31.347566666666665, 'locationy': 30.06169166666667, 'velocityx': 0.0, 'velocityy': 0.0, 'acceleration': 0.0, 'stop': False, 'angle': 360.0, 'direction': ''}
2022-04-16 13:20:20,786 INFO {'vecid': 242606374551181, 'locationx': 31.347566666666665, 'locationy': 30.06169166666667, 'velocityx': 0.0, 'velocityy': 0.0, 'acceleration': 0.0, 'stop': False, 'angle': 360.0, 'direction': ''}
2022-04-16 13:20:23,792 INFO {'vecid': 242606374551181, 'locationx': 31.347566666666665, 'locationy': 30.06169166666667, 'velocityx': 0.0, 'velocityy': 0.0, 'acceleration': 0.0, 'stop': False, 'angle': 360.0, 'direction': ''}
2022-04-16 13:20:26,788 INFO {'vecid': 242606374551181, 'locationx': 31.347566666666665, 'locationy': 30.06169166666667, 'velocityx': 0.0, 'velocityy': 0.0, 'acceleration': 0.0, 'stop': False, 'angle': 360.0, 'direction': ''}
2022-04-16 13:20:29,776 INFO {'vecid': 242606374551181, 'locationx': 31.347566666666665, 'locationy': 30.06169166666667, 'velocityx': 0.0, 'velocityy': 0.0, 'acceleration': 0.0, 'stop': False, 'angle': 360.0, 'direction': ''}
2022-04-16 13:20:32,774 INFO {'vecid': 242606374551181, 'locationx': 31.347566666666665, 'locationy': 30.06169166666667, 'velocityx': 0.0, 'velocityy': 0.0, 'acceleration': 0.0, 'stop': False, 'angle': 360.0, 'direction': ''}
2022-04-16 13:20:35,777 INFO {'vecid': 242606374551181, 'locationx': 31.347566666666665, 'locationy': 30.06169166666667, 'velocityx': 0.0, 'velocityy': 0.0, 'acceleration': 0.0, 'stop': False, 'angle': 360.0, 'direction': ''}
2022-04-16 13:20:38,779 INFO {'vecid': 242606374551181, 'locationx': 31.347566666666665, 'locationy': 30.06169166666667, 'velocityx': 0.0, 'velocityy': 0.0, 'acceleration': 0.0, 'stop': False, 'angle': 360.0, 'direction': ''}
2022-04-16 13:20:58,772 INFO {'vecid': 242606374551181, 'locationx': 31.347566666666665, 'locationy': 30.06169166666667, 'velocityx': 0.0, 'velocityy': 0.0, 'acceleration': 0.0, 'stop': False, 'angle': 360.0, 'direction': ''}
2022-04-16 13:21:01,775 INFO {'vecid': 242606374551181, 'locationx': 31.347566666666665, 'locationy': 30.06169166666667, 'velocityx': 0.0, 'velocityy': 0.0, 'acceleration': 0.0, 'stop': False, 'angle': 360.0, 'direction': ''}
2022-04-16 13:21:04,765 INFO {'vecid': 242606374551181, 'locationx': 31.347566666666665, 'locationy': 30.06169166666667, 'velocityx': 0.0, 'velocityy': 0.0, 'acceleration': 0.0, 'stop': False, 'angle': 360.0, 'direction': ''}
2022-04-16 13:21:07,775 INFO {'vecid': 242606374551181, 'locationx': 31.347566666666665, 'locationy': 30.06169166666667, 'velocityx': 0.0, 'velocityy': 0.0, 'acceleration': 0.0, 'stop': False, 'angle': 360.0, 'direction': ''}
2022-04-16 13:21:10,766 INFO {'vecid': 242606374551181, 'locationx': 31.347566666666665, 'locationy': 30.06169166666667, 'velocityx': 0.0, 'velocityy': 0.0, 'acceleration': 0.0, 'stop': False, 'angle': 360.0, 'direction': ''}
2022-04-16 13:21:13,766 INFO {'vecid': 242606374551181, 'locationx': 31.347566666666665, 'locationy': 30.06169166666667, 'velocityx': 0.0, 'velocityy': 0.0, 'acceleration': 0.0, 'stop': False, 'angle': 360.0, 'direction': ''}
2022-04-16 13:21:26,762 INFO {'vecid': 242606374551181, 'locationx': 31.347566666666665, 'locationy': 30.06169166666667, 'velocityx': 0.0, 'velocityy': 0.0, 'acceleration': 0.0, 'stop': False, 'angle': 360.0, 'direction': ''}
2022-04-16 13:21:29,769 INFO {'vecid': 242606374551181, 'locationx': 31.347566666666665, 'locationy': 30.06169166666667, 'velocityx': 0.0, 'velocityy': 0.0, 'acceleration': 0.0, 'stop': False, 'angle': 360.0, 'direction': ''}
2022-04-16 13:21:32,762 INFO {'vecid': 242606374551181, 'locationx': 31.347566666666665, 'locationy': 30.06169166666667, 'velocityx': 0.0, 'velocityy': 0.0, 'acceleration': 0.0, 'stop': True, 'angle': 360.0, 'direction': ''}
2022-04-16 13:21:35,767 INFO {'vecid': 242606374551181, 'locationx': 31.347566666666665, 'locationy': 30.06169166666667, 'velocityx': 0.0, 'velocityy': 0.0, 'acceleration': 0.0, 'stop': True, 'angle': 360.0, 'direction': ''}
2022-04-16 13:21:38,771 INFO {'vecid': 242606374551181, 'locationx': 31.347566666666665, 'locationy': 30.06169166666667, 'velocityx': 0.0, 'velocityy': 0.0, 'acceleration': 0.0, 'stop': False, 'angle': 360.0, 'direction': ''}
2022-04-16 13:21:41,797 INFO {'vecid': 242606374551181, 'locationx': 31.347566666666665, 'locationy': 30.06169166666667, 'velocityx': 0.0, 'velocityy': 0.0, 'acceleration': 0.0, 'stop': True, 'angle': 360.0, 'direction': ''}
2022-04-16 13:21:44,787 INFO {'vecid': 242606374551181, 'locationx': 31.347566666666665, 'locationy': 30.06169166666667, 'velocityx': 0.0, 'velocityy': 0.0, 'acceleration': 0.0, 'stop': False, 'angle': 360.0, 'direction': ''}
2022-04-16 13:21:47,771 INFO {'vecid': 242606374551181, 'locationx': 31.347566666666665, 'locationy': 30.06169166666667, 'velocityx': 0.0, 'velocityy': 0.0, 'acceleration': 0.0, 'stop': True, 'angle': 360.0, 'direction': ''}
2022-04-16 13:21:50,771 INFO {'vecid': 242606374551181, 'locationx': 31.347566666666665, 'locationy': 30.06169166666667, 'velocityx': 0.0, 'velocityy': 0.0, 'acceleration': 0.0, 'stop': False, 'angle': 360.0, 'direction': ''}
2022-04-16 13:21:53,767 INFO {'vecid': 242606374551181, 'locationx': 31.347566666666665, 'locationy': 30.06169166666667, 'velocityx': 0.0, 'velocityy': 0.0, 'acceleration': 0.0, 'stop': False, 'angle': 360.0, 'direction': ''}
2022-04-16 13:21:56,769 INFO {'vecid': 242606374551181, 'locationx': 31.347566666666665, 'locationy': 30.06169166666667, 'velocityx': 0.0, 'velocityy': 0.0, 'acceleration': 0.0, 'stop': True, 'angle': 360.0, 'direction': ''}
2022-04-16 13:21:59,778 INFO {'vecid': 242606374551181, 'locationx': 31.347566666666665, 'locationy': 30.06169166666667, 'velocityx': 0.0, 'velocityy': 0.0, 'acceleration': 0.0, 'stop': True, 'angle': 360.0, 'direction': ''}
2022-04-16 13:22:02,760 INFO {'vecid': 242606374551181, 'locationx': 31.347566666666665, 'locationy': 30.06169166666667, 'velocityx': 0.0, 'velocityy': 0.0, 'acceleration': 0.0, 'stop': True, 'angle': 360.0, 'direction': ''}
2022-04-16 13:22:05,759 INFO {'vecid': 242606374551181, 'locationx': 31.347566666666665, 'locationy': 30.06169166666667, 'velocityx': 0.0, 'velocityy': 0.0, 'acceleration': 0.0, 'stop': False, 'angle': 360.0, 'direction': ''}
2022-04-16 13:22:08,758 INFO {'vecid': 242606374551181, 'locationx': 31.347566666666665, 'locationy': 30.06169166666667, 'velocityx': 0.0, 'velocityy': 0.0, 'acceleration': 0.0, 'stop': True, 'angle': 360.0, 'direction': ''}
2022-04-16 13:22:11,760 INFO {'vecid': 242606374551181, 'locationx': 31.347566666666665, 'locationy': 30.06169166666667, 'velocityx': 0.0, 'velocityy': 0.0, 'acceleration': 0.0, 'stop': True, 'angle': 360.0, 'direction': ''}
2022-04-16 13:22:14,761 INFO {'vecid': 242606374551181, 'locationx': 31.347566666666665, 'locationy': 30.06169166666667, 'velocityx': 0.0, 'velocityy': 0.0, 'acceleration': 0.0, 'stop': True, 'angle': 360.0, 'direction': ''}
2022-04-16 13:22:17,772 INFO {'vecid': 242606374551181, 'locationx': 31.347566666666665, 'locationy': 30.06169166666667, 'velocityx': 0.0, 'velocityy': 0.0, 'acceleration': 0.0, 'stop': True, 'angle': 360.0, 'direction': ''}
2022-04-16 13:22:20,766 INFO {'vecid': 242606374551181, 'locationx': 31.347566666666665, 'locationy': 30.06169166666667, 'velocityx': 0.0, 'velocityy': 0.0, 'acceleration': 0.0, 'stop': True, 'angle': 360.0, 'direction': ''}
2022-04-16 13:32:02,267 INFO {'vecid': 251096697943453, 'locationx': 31.347795, 'locationy': 30.061575, 'velocityx': 0.0, 'velocityy': 0.0, 'acceleration': 0.0, 'stop': False, 'angle': 360.0, 'direction': ''}
2022-04-16 13:32:02,759 INFO {'vecid': 242606374551181, 'locationx': 31.347566666666665, 'locationy': 30.06169166666667, 'velocityx': 0.0, 'velocityy': 0.0, 'acceleration': 0.0, 'stop': False, 'angle': 360.0, 'direction': ''}
2022-04-16 13:34:23,760 INFO {'vecid': 251096697943453, 'locationx': 31.347795, 'locationy': 30.061575, 'velocityx': 0.0, 'velocityy': 0.0, 'acceleration': 0.0, 'stop': False, 'angle': 360.0, 'direction': ''}
2022-04-16 13:34:25,815 INFO {'vecid': 242606374551181, 'locationx': 31.347566666666665, 'locationy': 30.06169166666667, 'velocityx': 0.0, 'velocityy': 0.0, 'acceleration': 0.0, 'stop': False, 'angle': 360.0, 'direction': ''}
2022-04-16 13:35:02,425 INFO {'vecid': 251096697943453, 'locationx': 31.347795, 'locationy': 30.061575, 'velocityx': 0.0, 'velocityy': 0.0, 'acceleration': 0.0, 'stop': False, 'angle': 360.0, 'direction': ''}
2022-04-16 13:35:02,770 INFO {'vecid': 242606374551181, 'locationx': 31.347566666666665, 'locationy': 30.06169166666667, 'velocityx': 0.0, 'velocityy': 0.0, 'acceleration': 0.0, 'stop': False, 'angle': 360.0, 'direction': ''}
2022-04-16 13:36:11,449 INFO {'vecid': 251096697943453, 'locationx': 31.347795, 'locationy': 30.061575, 'velocityx': 0.0, 'velocityy': 0.0, 'acceleration': 0.0, 'stop': False, 'angle': 360.0, 'direction': ''}
2022-04-16 13:36:12,756 INFO {'vecid': 242606374551181, 'locationx': 31.347566666666665, 'locationy': 30.06169166666667, 'velocityx': 0.0, 'velocityy': 0.0, 'acceleration': 0.0, 'stop': False, 'angle': 360.0, 'direction': ''}
2022-04-16 13:36:29,586 INFO {'vecid': 251096697943453, 'locationx': 31.347795, 'locationy': 30.061575, 'velocityx': 0.0, 'velocityy': 0.0, 'acceleration': 0.0, 'stop': False, 'angle': 360.0, 'direction': ''}
2022-04-16 13:36:56,332 INFO {'vecid': 251096697943453, 'locationx': 31.347795, 'locationy': 30.061575, 'velocityx': 0.0, 'velocityy': 0.0, 'acceleration': 0.0, 'stop': False, 'angle': 360.0, 'direction': ''}
2022-04-16 13:36:57,744 INFO {'vecid': 242606374551181, 'locationx': 31.347566666666665, 'locationy': 30.06169166666667, 'velocityx': 0.0, 'velocityy': 0.0, 'acceleration': 0.0, 'stop': False, 'angle': 360.0, 'direction': ''}
2022-04-16 13:37:24,367 INFO {'vecid': 251096697943453, 'locationx': 31.347795, 'locationy': 30.061575, 'velocityx': 0.0, 'velocityy': 0.0, 'acceleration': 0.0, 'stop': False, 'angle': 360.0, 'direction': ''}
2022-04-16 13:37:24,594 INFO BRAKE with Time
2022-04-16 13:37:25,746 INFO {'vecid': 242606374551181, 'locationx': 31.347566666666665, 'locationy': 30.06169166666667, 'velocityx': 0.0, 'velocityy': 0.0, 'acceleration': 0.0, 'stop': False, 'angle': 360.0, 'direction': ''}
2022-04-16 13:37:28,481 INFO {'vecid': 251096697943453, 'locationx': 31.347795, 'locationy': 30.061575, 'velocityx': 0.0, 'velocityy': 0.0, 'acceleration': 0.0, 'stop': False, 'angle': 360.0, 'direction': ''}
2022-04-16 13:37:28,491 INFO BRAKE with Time
2022-04-16 13:37:28,742 INFO {'vecid': 242606374551181, 'locationx': 31.347566666666665, 'locationy': 30.06169166666667, 'velocityx': 0.0, 'velocityy': 0.0, 'acceleration': 0.0, 'stop': False, 'angle': 360.0, 'direction': ''}
2022-04-16 13:37:31,451 INFO {'vecid': 251096697943453, 'locationx': 31.347795, 'locationy': 30.061575, 'velocityx': 0.0, 'velocityy': 0.0, 'acceleration': 0.0, 'stop': False, 'angle': 360.0, 'direction': ''}
2022-04-16 13:37:31,463 INFO BRAKE with Time
2022-04-16 13:37:31,735 INFO {'vecid': 242606374551181, 'locationx': 31.347566666666665, 'locationy': 30.06169166666667, 'velocityx': 0.0, 'velocityy': 0.0, 'acceleration': 0.0, 'stop': False, 'angle': 360.0, 'direction': ''}
2022-04-16 13:37:34,194 INFO {'vecid': 251096697943453, 'locationx': 31.347795, 'locationy': 30.061575, 'velocityx': 0.0, 'velocityy': 0.0, 'acceleration': 0.0, 'stop': False, 'angle': 360.0, 'direction': ''}
2022-04-16 13:37:34,208 INFO BRAKE with Time
2022-04-16 13:37:34,734 INFO {'vecid': 242606374551181, 'locationx': 31.347566666666665, 'locationy': 30.06169166666667, 'velocityx': 0.0, 'velocityy': 0.0, 'acceleration': 0.0, 'stop': False, 'angle': 360.0, 'direction': ''}
2022-04-16 13:37:37,410 INFO {'vecid': 251096697943453, 'locationx': 31.347795, 'locationy': 30.061575, 'velocityx': 0.0, 'velocityy': 0.0, 'acceleration': 0.0, 'stop': False, 'angle': 360.0, 'direction': ''}
2022-04-16 13:37:37,422 INFO BRAKE with Time
2022-04-16 13:37:37,740 INFO {'vecid': 242606374551181, 'locationx': 31.347566666666665, 'locationy': 30.06169166666667, 'velocityx': 0.0, 'velocityy': 0.0, 'acceleration': 0.0, 'stop': False, 'angle': 360.0, 'direction': ''}
2022-04-16 13:37:40,360 INFO {'vecid': 251096697943453, 'locationx': 31.347795, 'locationy': 30.061575, 'velocityx': 0.0, 'velocityy': 0.0, 'acceleration': 0.0, 'stop': False, 'angle': 360.0, 'direction': ''}
2022-04-16 13:37:40,374 INFO BRAKE with Time
2022-04-16 13:37:40,733 INFO {'vecid': 242606374551181, 'locationx': 31.347566666666665, 'locationy': 30.06169166666667, 'velocityx': 0.0, 'velocityy': 0.0, 'acceleration': 0.0, 'stop': False, 'angle': 360.0, 'direction': ''}
2022-04-16 13:37:43,411 INFO {'vecid': 251096697943453, 'locationx': 31.347795, 'locationy': 30.061575, 'velocityx': 0.0, 'velocityy': 0.0, 'acceleration': 0.0, 'stop': False, 'angle': 360.0, 'direction': ''}
2022-04-16 13:37:43,425 INFO BRAKE with Time
2022-04-16 13:37:43,739 INFO {'vecid': 242606374551181, 'locationx': 31.347566666666665, 'locationy': 30.06169166666667, 'velocityx': 0.0, 'velocityy': 0.0, 'acceleration': 0.0, 'stop': False, 'angle': 360.0, 'direction': ''}
2022-04-16 13:37:46,484 INFO {'vecid': 251096697943453, 'locationx': 31.347795, 'locationy': 30.061575, 'velocityx': 0.0, 'velocityy': 0.0, 'acceleration': 0.0, 'stop': False, 'angle': 360.0, 'direction': ''}
2022-04-16 13:37:46,497 INFO BRAKE with Time
2022-04-16 13:37:46,732 INFO {'vecid': 242606374551181, 'locationx': 31.347566666666665, 'locationy': 30.06169166666667, 'velocityx': 0.0, 'velocityy': 0.0, 'acceleration': 0.0, 'stop': False, 'angle': 360.0, 'direction': ''}
2022-04-16 13:37:49,732 INFO {'vecid': 242606374551181, 'locationx': 31.347566666666665, 'locationy': 30.06169166666667, 'velocityx': 0.0, 'velocityy': 0.0, 'acceleration': 0.0, 'stop': False, 'angle': 360.0, 'direction': ''}
2022-04-16 13:37:50,779 INFO {'vecid': 251096697943453, 'locationx': 31.347795, 'locationy': 30.061575, 'velocityx': 0.0, 'velocityy': 0.0, 'acceleration': 0.0, 'stop': False, 'angle': 360.0, 'direction': ''}
2022-04-16 13:37:50,787 INFO BRAKE with Time
2022-04-16 13:37:52,741 INFO {'vecid': 242606374551181, 'locationx': 31.347566666666665, 'locationy': 30.06169166666667, 'velocityx': 0.0, 'velocityy': 0.0, 'acceleration': 0.0, 'stop': False, 'angle': 360.0, 'direction': ''}
2022-04-16 13:37:54,659 INFO {'vecid': 251096697943453, 'locationx': 31.347795, 'locationy': 30.061575, 'velocityx': 0.0, 'velocityy': 0.0, 'acceleration': 0.0, 'stop': False, 'angle': 360.0, 'direction': ''}
2022-04-16 13:37:54,673 INFO BRAKE with Time
2022-04-16 13:37:55,766 INFO {'vecid': 242606374551181, 'locationx': 31.347566666666665, 'locationy': 30.06169166666667, 'velocityx': 0.0, 'velocityy': 0.0, 'acceleration': 0.0, 'stop': False, 'angle': 360.0, 'direction': ''}
2022-04-16 13:37:57,874 INFO {'vecid': 251096697943453, 'locationx': 31.347795, 'locationy': 30.061575, 'velocityx': 0.0, 'velocityy': 0.0, 'acceleration': 0.0, 'stop': False, 'angle': 360.0, 'direction': ''}
2022-04-16 13:37:57,882 INFO BRAKE with Time
2022-04-16 13:37:58,751 INFO {'vecid': 242606374551181, 'locationx': 31.347566666666665, 'locationy': 30.06169166666667, 'velocityx': 0.0, 'velocityy': 0.0, 'acceleration': 0.0, 'stop': False, 'angle': 360.0, 'direction': ''}
2022-04-16 13:38:00,418 INFO {'vecid': 251096697943453, 'locationx': 31.347795, 'locationy': 30.061575, 'velocityx': 0.0, 'velocityy': 0.0, 'acceleration': 0.0, 'stop': False, 'angle': 360.0, 'direction': ''}
2022-04-16 13:38:00,424 INFO BRAKE with Time
2022-04-16 13:38:01,737 INFO {'vecid': 242606374551181, 'locationx': 31.347566666666665, 'locationy': 30.06169166666667, 'velocityx': 0.0, 'velocityy': 0.0, 'acceleration': 0.0, 'stop': False, 'angle': 360.0, 'direction': ''}
2022-04-16 13:38:03,351 INFO {'vecid': 251096697943453, 'locationx': 31.347795, 'locationy': 30.061575, 'velocityx': 0.0, 'velocityy': 0.0, 'acceleration': 0.0, 'stop': False, 'angle': 360.0, 'direction': ''}
2022-04-16 13:38:03,357 INFO BRAKE with Time
2022-04-16 13:38:04,737 INFO {'vecid': 242606374551181, 'locationx': 31.347566666666665, 'locationy': 30.06169166666667, 'velocityx': 0.0, 'velocityy': 0.0, 'acceleration': 0.0, 'stop': False, 'angle': 360.0, 'direction': ''}
2022-04-16 13:38:06,316 INFO {'vecid': 251096697943453, 'locationx': 31.347795, 'locationy': 30.061575, 'velocityx': 0.0, 'velocityy': 0.0, 'acceleration': 0.0, 'stop': False, 'angle': 360.0, 'direction': ''}
2022-04-16 13:38:06,322 INFO BRAKE with Time
2022-04-16 13:38:07,740 INFO {'vecid': 242606374551181, 'locationx': 31.347566666666665, 'locationy': 30.06169166666667, 'velocityx': 0.0, 'velocityy': 0.0, 'acceleration': 0.0, 'stop': False, 'angle': 360.0, 'direction': ''}
2022-04-16 13:38:09,270 INFO {'vecid': 251096697943453, 'locationx': 31.347795, 'locationy': 30.061575, 'velocityx': 0.0, 'velocityy': 0.0, 'acceleration': 0.0, 'stop': False, 'angle': 360.0, 'direction': ''}
2022-04-16 13:38:09,276 INFO BRAKE with Time
2022-04-16 13:38:10,732 INFO {'vecid': 242606374551181, 'locationx': 31.347566666666665, 'locationy': 30.06169166666667, 'velocityx': 0.0, 'velocityy': 0.0, 'acceleration': 0.0, 'stop': False, 'angle': 360.0, 'direction': ''}
2022-04-16 13:38:12,219 INFO {'vecid': 251096697943453, 'locationx': 31.347795, 'locationy': 30.061575, 'velocityx': 0.0, 'velocityy': 0.0, 'acceleration': 0.0, 'stop': False, 'angle': 360.0, 'direction': ''}
2022-04-16 13:38:12,232 INFO BRAKE with Time
2022-04-16 13:38:13,738 INFO {'vecid': 242606374551181, 'locationx': 31.347566666666665, 'locationy': 30.06169166666667, 'velocityx': 0.0, 'velocityy': 0.0, 'acceleration': 0.0, 'stop': False, 'angle': 360.0, 'direction': ''}
2022-04-16 13:38:15,540 INFO {'vecid': 251096697943453, 'locationx': 31.347795, 'locationy': 30.061575, 'velocityx': 0.0, 'velocityy': 0.0, 'acceleration': 0.0, 'stop': False, 'angle': 360.0, 'direction': ''}
2022-04-16 13:38:15,551 INFO BRAKE with Time
2022-04-26 22:17:12,595 INFO {'vecid': 242606374551181, 'locationx': 0.0, 'locationy': 0.0, 'velocityx': 0.0, 'velocityy': 0.0, 'acceleration': 0.0, 'stop': False, 'angle': 360.0, 'direction': ''}
2022-04-26 22:17:22,647 INFO {'vecid': 242606374551181, 'locationx': 0.0, 'locationy': 0.0, 'velocityx': 0.0, 'velocityy': 0.0, 'acceleration': 0.0, 'stop': False, 'angle': 360.0, 'direction': ''}
2022-04-26 22:17:32,697 INFO {'vecid': 242606374551181, 'locationx': 0.0, 'locationy': 0.0, 'velocityx': 0.0, 'velocityy': 0.0, 'acceleration': 0.0, 'stop': False, 'angle': 360.0, 'direction': ''}
2022-04-26 22:17:42,743 INFO {'vecid': 242606374551181, 'locationx': 0.0, 'locationy': 0.0, 'velocityx': 0.0, 'velocityy': 0.0, 'acceleration': 0.0, 'stop': False, 'angle': 360.0, 'direction': ''}
2022-04-26 22:17:52,791 INFO {'vecid': 242606374551181, 'locationx': 0.0, 'locationy': 0.0, 'velocityx': 0.0, 'velocityy': 0.0, 'acceleration': 0.0, 'stop': False, 'angle': 360.0, 'direction': ''}
2022-04-26 22:18:02,841 INFO {'vecid': 242606374551181, 'locationx': 0.0, 'locationy': 0.0, 'velocityx': 0.0, 'velocityy': 0.0, 'acceleration': 0.0, 'stop': False, 'angle': 360.0, 'direction': ''}
2022-04-26 22:18:12,889 INFO {'vecid': 242606374551181, 'locationx': 0.0, 'locationy': 0.0, 'velocityx': 0.0, 'velocityy': 0.0, 'acceleration': 0.0, 'stop': False, 'angle': 360.0, 'direction': ''}
2022-04-26 22:18:22,942 INFO {'vecid': 242606374551181, 'locationx': 0.0, 'locationy': 0.0, 'velocityx': 0.0, 'velocityy': 0.0, 'acceleration': 0.0, 'stop': False, 'angle': 360.0, 'direction': ''}
2022-04-26 22:18:32,993 INFO {'vecid': 242606374551181, 'locationx': 0.0, 'locationy': 0.0, 'velocityx': 0.0, 'velocityy': 0.0, 'acceleration': 0.0, 'stop': False, 'angle': 360.0, 'direction': ''}
2022-04-26 22:55:09,612 INFO {'vecid': 242606374551181, 'locationx': 31.279831666666666, 'locationy': 30.065871666666666, 'velocityx': 0.0, 'velocityy': 0.0, 'acceleration': 0.0, 'stop': False, 'angle': 360.0, 'direction': 'STOPPED'}
2022-04-26 22:56:06,823 INFO {'vecid': 242606374551181, 'locationx': 31.279831666666666, 'locationy': 30.065871666666666, 'velocityx': 0.0, 'velocityy': 0.0, 'acceleration': 0.0, 'stop': False, 'angle': 360.0, 'direction': 'STOPPED'}
2022-04-26 22:56:10,118 INFO {'vecid': 242606374551181, 'locationx': 31.279831666666666, 'locationy': 30.065871666666666, 'velocityx': 0.0, 'velocityy': 0.0, 'acceleration': 0.0, 'stop': False, 'angle': 360.0, 'direction': 'STOPPED'}
2022-04-26 22:56:13,525 INFO {'vecid': 242606374551181, 'locationx': 31.279831666666666, 'locationy': 30.065871666666666, 'velocityx': 0.0, 'velocityy': 0.0, 'acceleration': 0.0, 'stop': False, 'angle': 360.0, 'direction': 'STOPPED'}
2022-04-26 22:56:16,624 INFO {'vecid': 242606374551181, 'locationx': 31.279831666666666, 'locationy': 30.065871666666666, 'velocityx': 0.0, 'velocityy': 0.0, 'acceleration': 0.0, 'stop': False, 'angle': 360.0, 'direction': 'STOPPED'}
2022-04-26 22:56:20,246 INFO {'vecid': 242606374551181, 'locationx': 31.279831666666666, 'locationy': 30.065871666666666, 'velocityx': 0.0, 'velocityy': 0.0, 'acceleration': 0.0, 'stop': False, 'angle': 360.0, 'direction': 'STOPPED'}
2022-04-26 22:56:23,499 INFO {'vecid': 242606374551181, 'locationx': 31.279831666666666, 'locationy': 30.065871666666666, 'velocityx': 0.0, 'velocityy': 0.0, 'acceleration': 0.0, 'stop': False, 'angle': 360.0, 'direction': 'STOPPED'}
2022-04-26 22:56:26,708 INFO {'vecid': 242606374551181, 'locationx': 31.279831666666666, 'locationy': 30.065871666666666, 'velocityx': 0.0, 'velocityy': 0.0, 'acceleration': 0.0, 'stop': False, 'angle': 360.0, 'direction': 'STOPPED'}
2022-04-26 23:08:18,647 INFO {'vecid': 242606374551181, 'locationx': 31.279831666666666, 'locationy': 30.065871666666666, 'velocityx': 0.0, 'velocityy': 0.0, 'acceleration': 0.0, 'stop': False, 'angle': 360.0, 'direction': ''}
2022-04-26 23:08:22,834 INFO {'vecid': 242606374551181, 'locationx': 31.279831666666666, 'locationy': 30.065871666666666, 'velocityx': 0.0, 'velocityy': 0.0, 'acceleration': 0.0, 'stop': False, 'angle': 360.0, 'direction': ''}
2022-04-26 23:08:27,570 INFO {'vecid': 242606374551181, 'locationx': 31.279831666666666, 'locationy': 30.065871666666666, 'velocityx': 0.0, 'velocityy': 0.0, 'acceleration': 0.0, 'stop': False, 'angle': 360.0, 'direction': ''}
2022-04-26 23:08:31,715 INFO {'vecid': 242606374551181, 'locationx': 31.279831666666666, 'locationy': 30.065871666666666, 'velocityx': 0.0, 'velocityy': 0.0, 'acceleration': 0.0, 'stop': False, 'angle': 360.0, 'direction': ''}
2022-04-26 23:08:35,804 INFO {'vecid': 242606374551181, 'locationx': 31.279831666666666, 'locationy': 30.065871666666666, 'velocityx': 0.0, 'velocityy': 0.0, 'acceleration': 0.0, 'stop': False, 'angle': 360.0, 'direction': ''}
2022-04-26 23:08:39,767 INFO {'vecid': 242606374551181, 'locationx': 31.279831666666666, 'locationy': 30.065871666666666, 'velocityx': 0.0, 'velocityy': 0.0, 'acceleration': 0.0, 'stop': False, 'angle': 360.0, 'direction': ''}
2022-04-26 23:08:43,907 INFO {'vecid': 242606374551181, 'locationx': 31.279831666666666, 'locationy': 30.065871666666666, 'velocityx': 0.0, 'velocityy': 0.0, 'acceleration': 0.0, 'stop': False, 'angle': 360.0, 'direction': ''}
2022-04-26 23:08:47,956 INFO {'vecid': 242606374551181, 'locationx': 31.279831666666666, 'locationy': 30.065871666666666, 'velocityx': 0.0, 'velocityy': 0.0, 'acceleration': 0.0, 'stop': False, 'angle': 360.0, 'direction': ''}
2022-04-26 23:08:52,020 INFO {'vecid': 242606374551181, 'locationx': 31.279831666666666, 'locationy': 30.065871666666666, 'velocityx': 0.0, 'velocityy': 0.0, 'acceleration': 0.0, 'stop': False, 'angle': 360.0, 'direction': ''}
2022-04-26 23:08:55,866 INFO {'vecid': 242606374551181, 'locationx': 31.279831666666666, 'locationy': 30.065871666666666, 'velocityx': 0.0, 'velocityy': 0.0, 'acceleration': 0.0, 'stop': False, 'angle': 360.0, 'direction': ''}
2022-04-26 23:08:59,824 INFO {'vecid': 242606374551181, 'locationx': 31.279831666666666, 'locationy': 30.065871666666666, 'velocityx': 0.0, 'velocityy': 0.0, 'acceleration': 0.0, 'stop': False, 'angle': 360.0, 'direction': ''}
2022-04-26 23:09:03,868 INFO {'vecid': 242606374551181, 'locationx': 31.279831666666666, 'locationy': 30.065871666666666, 'velocityx': 0.0, 'velocityy': 0.0, 'acceleration': 0.0, 'stop': False, 'angle': 360.0, 'direction': ''}
2022-04-26 23:09:07,868 INFO {'vecid': 242606374551181, 'locationx': 31.279831666666666, 'locationy': 30.065871666666666, 'velocityx': 0.0, 'velocityy': 0.0, 'acceleration': 0.0, 'stop': False, 'angle': 360.0, 'direction': ''}
