2022-03-23 11:54:24,947 {'vecid': 242606374551181, 'locationx': 0.0, 'locationy': 0.0, 'velocityx': 0.0, 'velocityy': 0.0, 'acceleration': 0.0, 'stop': 0, 'angle': 0}
2022-03-23 11:54:24,947 {'vecid': 242606374551181, 'locationx': 0.0, 'locationy': 0.0, 'velocityx': 0.0, 'velocityy': 0.0, 'acceleration': 0.0, 'stop': 0, 'angle': 0}
2022-03-23 11:54:26,018 {'vecid': 251096697943453, 'locationx': 31.277608760386066, 'locationy': 30.065327092234792, 'velocityx': 1.2253273801592475e-05, 'velocityy': 1.4812392159031133e-05, 'acceleration': 5.166612759804741e-06, 'stop': 0, 'angle': 104.03624346792648}
2022-03-23 11:54:27,932 {'vecid': 242606374551181, 'locationx': 0.0, 'locationy': 0.0, 'velocityx': 0.0, 'velocityy': 0.0, 'acceleration': 0.0, 'stop': 0, 'angle': 0}
2022-03-23 11:54:27,933 {'vecid': 242606374551181, 'locationx': 0.0, 'locationy': 0.0, 'velocityx': 0.0, 'velocityy': 0.0, 'acceleration': 0.0, 'stop': 0, 'angle': 0}
2022-03-23 11:54:29,090 {'vecid': 251096697943453, 'locationx': 31.277615128430025, 'locationy': 30.065336681188356, 'velocityx': 7.323749787082813e-06, 'velocityy': 1.0104747801827841e-05, 'acceleration': 1.6648406515325429e-06, 'stop': 0, 'angle': 26.565051189291324}
2022-03-23 11:54:30,899 Timestamp
2022-03-23 11:54:30,900 12:26:33
2022-03-23 11:54:30,910 {'vecid': 242606374551181, 'locationx': 13.570593186788395, 'locationy': 13.044728585302718, 'velocityx': 4.2774529807801605, 'velocityy': 4.111700380569468, 'acceleration': 1.8028459138938548, 'stop': 0, 'angle': 46.13190074391693}
2022-03-23 11:54:30,910 {'vecid': 242606374551181, 'locationx': 13.570593186788395, 'locationy': 13.044728585302718, 'velocityx': 4.2774529807801605, 'velocityy': 4.111700380569468, 'acceleration': 1.8028459138938548, 'stop': 0, 'angle': 46.13190074391693}
2022-03-23 11:54:33,903 Timestamp
2022-03-23 11:54:33,903 12:26:36
2022-03-23 11:54:33,916 {'vecid': 242606374551181, 'locationx': 21.8989158205108, 'locationy': 21.050319882945494, 'velocityx': 4.137469736958575, 'velocityy': 3.9771354850411162, 'acceleration': 0.5527054292442507, 'stop': 0, 'angle': 123.69006752597979}
2022-03-23 11:54:33,917 {'vecid': 242606374551181, 'locationx': 21.8989158205108, 'locationy': 21.050319882945494, 'velocityx': 4.137469736958575, 'velocityy': 3.9771354850411162, 'acceleration': 0.5527054292442507, 'stop': 0, 'angle': 123.69006752597979}
2022-03-23 11:54:35,030 {'vecid': 251096697943453, 'locationx': 31.277609795504166, 'locationy': 30.065364281240676, 'velocityx': -6.612310817991496e-06, 'velocityy': 1.0599523712485252e-05, 'acceleration': 5.803277811878397e-06, 'stop': 0, 'angle': 135.0}
2022-03-23 11:54:36,906 Timestamp
2022-03-23 11:54:36,911 12:26:39
2022-03-23 11:54:36,929 {'vecid': 242606374551181, 'locationx': 26.80308598064905, 'locationy': 25.764456102651614, 'velocityx': 2.2918559459299703, 'velocityy': 2.2030488594657864, 'acceleration': 2.3696041960671956, 'stop': 0, 'angle': 74.05460408755513}
2022-03-23 11:54:36,930 {'vecid': 242606374551181, 'locationx': 26.80308598064905, 'locationy': 25.764456102651614, 'velocityx': 2.2918559459299703, 'velocityy': 2.2030488594657864, 'acceleration': 2.3696041960671956, 'stop': 0, 'angle': 74.05460408755513}
2022-03-23 11:54:38,101 {'vecid': 251096697943453, 'locationx': 31.2776085527976, 'locationy': 30.065380560441568, 'velocityx': -2.5802967697558805e-06, 'velocityy': 1.5549882863838937e-05, 'acceleration': 1.7254023467270322e-06, 'stop': 0, 'angle': 5.194428905732622}
2022-03-23 11:54:39,905 Timestamp
2022-03-23 11:54:39,905 12:26:42
2022-03-23 11:54:39,924 {'vecid': 242606374551181, 'locationx': 29.310988601674705, 'locationy': 28.175184285727646, 'velocityx': 0.6713821628436671, 'velocityy': 0.6453741936369204, 'acceleration': 2.6004433480691294, 'stop': 0, 'angle': 123.69006755416439}
2022-03-23 11:54:39,925 {'vecid': 242606374551181, 'locationx': 29.310988601674705, 'locationy': 28.175184285727646, 'velocityx': 0.6713821628436671, 'velocityy': 0.6453741936369204, 'acceleration': 2.6004433480691294, 'stop': 0, 'angle': 123.69006755416439}
2022-03-23 11:54:40,969 {'vecid': 251096697943453, 'locationx': 31.277609146241662, 'locationy': 30.065385798397095, 'velocityx': 5.7141646199573e-07, 'velocityy': 5.849042088953805e-06, 'acceleration': 4.792727420528624e-06, 'stop': 0, 'angle': 45.0}
2022-03-23 11:54:42,909 Timestamp
2022-03-23 11:54:42,913 12:26:45
2022-03-23 11:54:42,924 {'vecid': 242606374551181, 'locationx': 30.402418125773227, 'locationy': 29.224314470027103, 'velocityx': -0.15119620688409086, 'velocityy': -0.1453421132131778, 'acceleration': 1.9052762850472371, 'stop': 0, 'angle': 143.13010236881198}
2022-03-23 11:54:42,925 {'vecid': 242606374551181, 'locationx': 30.402418125773227, 'locationy': 29.224314470027103, 'velocityx': -0.15119620688409086, 'velocityy': -0.1453421132131778, 'acceleration': 1.9052762850472371, 'stop': 0, 'angle': 143.13010236881198}
2022-03-23 11:54:44,041 {'vecid': 251096697943453, 'locationx': 31.277608255194473, 'locationy': 30.065378693033924, 'velocityx': -4.3999985306942093e-07, 'velocityy': -7.84390047318146e-06, 'acceleration': 9.12046798763845e-06, 'stop': 0, 'angle': 9.462322204724714}
2022-03-23 11:54:45,907 Timestamp
2022-03-23 11:54:45,908 12:26:48
2022-03-23 11:54:45,919 {'vecid': 242606374551181, 'locationx': 30.816000105785495, 'locationy': 29.62186171732908, 'velocityx': -0.3534082654993289, 'velocityy': -0.33972305693680727, 'acceleration': 1.0540583240417163, 'stop': 0, 'angle': 146.30993249280993}
2022-03-23 11:54:45,920 {'vecid': 242606374551181, 'locationx': 30.816000105785495, 'locationy': 29.62186171732908, 'velocityx': -0.3534082654993289, 'velocityy': -0.33972305693680727, 'acceleration': 1.0540583240417163, 'stop': 0, 'angle': 146.30993249280993}
2022-03-23 11:54:47,113 {'vecid': 251096697943453, 'locationx': 31.27761586587257, 'locationy': 30.065430270845063, 'velocityx': 7.45253019504108e-06, 'velocityy': 4.81004994710772e-05, 'acceleration': 2.6513916456042472e-05, 'stop': 0, 'angle': 7.943471810266445}
2022-03-23 11:54:48,888 Timestamp
2022-03-23 11:54:48,892 12:26:51
2022-03-23 11:54:48,904 {'vecid': 242606374551181, 'locationx': 30.972888509850062, 'locationy': 29.772680193187107, 'velocityx': -0.26622198040180556, 'velocityy': -0.2558977413505794, 'acceleration': 0.43402589548615533, 'stop': 0, 'angle': 146.30993249280993}
2022-03-23 11:54:48,904 {'vecid': 242606374551181, 'locationx': 30.972888509850062, 'locationy': 29.772680193187107, 'velocityx': -0.26622198040180556, 'velocityy': -0.2558977413505794, 'acceleration': 0.43402589548615533, 'stop': 0, 'angle': 146.30993249280993}
2022-03-23 11:54:49,981 {'vecid': 251096697943453, 'locationx': 31.27763502951667, 'locationy': 30.065525468800065, 'velocityx': 1.9849998169431766e-05, 'velocityy': 0.00010010207238367846, 'acceleration': 3.920631181892498e-05, 'stop': 0, 'angle': 11.842076116636434}
2022-03-23 11:54:51,916 Timestamp
2022-03-23 11:54:51,916 12:26:54
2022-03-23 11:54:51,926 {'vecid': 242606374551181, 'locationx': 31.057643623301068, 'locationy': 29.854168059639346, 'velocityx': -0.12316785979865796, 'velocityy': -0.1183764888189952, 'acceleration': 0.10878079776013935, 'stop': 0, 'angle': 150.25511869742087}
2022-03-23 11:54:51,927 {'vecid': 242606374551181, 'locationx': 31.057643623301068, 'locationy': 29.854168059639346, 'velocityx': -0.12316785979865796, 'velocityy': -0.1183764888189952, 'acceleration': 0.10878079776013935, 'stop': 0, 'angle': 150.25511869742087}
2022-03-23 11:54:53,052 {'vecid': 251096697943453, 'locationx': 31.277650180306846, 'locationy': 30.065602065878306, 'velocityx': 1.7113728321746866e-05, 'velocityy': 8.566162694653943e-05, 'acceleration': 7.930670270107965e-06, 'stop': 0, 'angle': 11.003540850569024}
2022-03-23 11:54:54,926 Timestamp
2022-03-23 11:54:54,930 12:26:57
2022-03-23 11:54:54,942 {'vecid': 242606374551181, 'locationx': 31.126047621284634, 'locationy': 29.919919435846914, 'velocityx': -0.024187737371761997, 'velocityy': -0.023249984610029167, 'acceleration': 0.007715301630928648, 'stop': 0, 'angle': 21.80140948845755}
2022-03-23 11:54:54,943 {'vecid': 242606374551181, 'locationx': 31.126047621284634, 'locationy': 29.919919435846914, 'velocityx': -0.024187737371761997, 'velocityy': -0.023249984610029167, 'acceleration': 0.007715301630928648, 'stop': 0, 'angle': 21.80140948845755}
2022-03-23 11:54:56,124 {'vecid': 251096697943453, 'locationx': 31.27765977359139, 'locationy': 30.065627885374862, 'velocityx': 1.009969190156603e-05, 'velocityy': 2.852843711853246e-05, 'acceleration': 2.7638470528220443e-05, 'stop': 0, 'angle': 53.13010234927064}
2022-03-23 11:54:57,937 Timestamp
2022-03-23 11:54:57,938 12:27:00
2022-03-23 11:54:57,949 {'vecid': 242606374551181, 'locationx': 31.18367935084323, 'locationy': 29.975304397644315, 'velocityx': 0.017685747652942493, 'velocityy': 0.01698572735256311, 'acceleration': 0.021982388307287402, 'stop': 0, 'angle': 156.80140947792881}
2022-03-23 11:54:57,950 {'vecid': 242606374551181, 'locationx': 31.18367935084323, 'locationy': 29.975304397644315, 'velocityx': 0.017685747652942493, 'velocityy': 0.01698572735256311, 'acceleration': 0.021982388307287402, 'stop': 0, 'angle': 156.80140947792881}
2022-03-23 11:54:58,992 {'vecid': 251096697943453, 'locationx': 31.27767449547159, 'locationy': 30.065632562182003, 'velocityx': 1.3851764603885265e-05, 'velocityy': -1.3310160154872983e-06, 'acceleration': 2.7093186875965958e-05, 'stop': 0, 'angle': 78.6900675283285}
2022-03-23 11:55:00,923 Timestamp
2022-03-23 11:55:00,923 12:27:03
2022-03-23 11:55:00,935 {'vecid': 242606374551181, 'locationx': 31.226208909969085, 'locationy': 30.016170483428226, 'velocityx': 0.023112983514873172, 'velocityy': 0.022199519712708997, 'acceleration': 0.005963797364582778, 'stop': 0, 'angle': 149.03624347870294}
2022-03-23 11:55:00,936 {'vecid': 242606374551181, 'locationx': 31.226208909969085, 'locationy': 30.016170483428226, 'velocityx': 0.023112983514873172, 'velocityy': 0.022199519712708997, 'acceleration': 0.005963797364582778, 'stop': 0, 'angle': 149.03624347870294}
2022-03-23 11:55:02,063 {'vecid': 251096697943453, 'locationx': 31.27766889350379, 'locationy': 30.06563103135955, 'velocityx': -4.972639562567254e-06, 'velocityy': -7.6041578125875154e-06, 'acceleration': 1.7256856982919933e-05, 'stop': 0, 'angle': 113.19859050733095}
2022-03-23 11:55:03,921 Timestamp
2022-03-23 11:55:03,921 12:27:06
2022-03-23 11:55:03,932 {'vecid': 242606374551181, 'locationx': 31.252832164766915, 'locationy': 30.041748968053025, 'velocityx': 0.014587298414223161, 'velocityy': 0.014007563814334554, 'acceleration': 0.007889244106177633, 'stop': 0, 'angle': 8.130102351713305}
2022-03-23 11:55:03,932 {'vecid': 242606374551181, 'locationx': 31.252832164766915, 'locationy': 30.041748968053025, 'velocityx': 0.014587298414223161, 'velocityy': 0.014007563814334554, 'acceleration': 0.007889244106177633, 'stop': 0, 'angle': 8.130102351713305}
2022-03-23 11:55:04,931 {'vecid': 251096697943453, 'locationx': 31.277622419070962, 'locationy': 30.065642845738136, 'velocityx': -4.76982247632905e-05, 'velocityy': 8.412514115982977e-06, 'acceleration': 2.6869385571343306e-05, 'stop': 0, 'angle': 110.92450174713339}
2022-03-23 11:55:06,923 Timestamp
2022-03-23 11:55:06,927 12:27:09
2022-03-23 11:55:06,938 {'vecid': 242606374551181, 'locationx': 31.266916565655766, 'locationy': 30.05526380316304, 'velocityx': 0.00539693689949693, 'velocityy': 0.005164220439896636, 'acceleration': 0.012269141029689143, 'stop': 0, 'angle': 142.12501635359922}
2022-03-23 11:55:06,938 {'vecid': 242606374551181, 'locationx': 31.266916565655766, 'locationy': 30.05526380316304, 'velocityx': 0.00539693689949693, 'velocityy': 0.005164220439896636, 'acceleration': 0.012269141029689143, 'stop': 0, 'angle': 142.12501635359922}
2022-03-23 11:55:08,003 {'vecid': 251096697943453, 'locationx': 31.277583299044988, 'locationy': 30.065655076896856, 'velocityx': -4.530395985621119e-05, 'velocityy': 1.3097435742264187e-05, 'acceleration': 1.0181223182390652e-05, 'stop': 0, 'angle': 113.96248897268953}
2022-03-23 11:55:09,924 Timestamp
2022-03-23 11:55:09,925 12:27:12
2022-03-23 11:55:09,936 {'vecid': 242606374551181, 'locationx': 31.273152050287955, 'locationy': 30.061238402643276, 'velocityx': 4.1291822100370575e-05, 'velocityy': 1.9250427048547736e-05, 'acceleration': 0.010193709957129395, 'stop': 0, 'angle': 173.6598082436641}
2022-03-23 11:55:09,936 {'vecid': 242606374551181, 'locationx': 31.273152050287955, 'locationy': 30.061238402643276, 'velocityx': 4.1291822100370575e-05, 'velocityy': 1.9250427048547736e-05, 'acceleration': 0.010193709957129395, 'stop': 0, 'angle': 173.6598082436641}
2022-03-23 11:55:11,075 {'vecid': 251096697943453, 'locationx': 31.27755650912331, 'locationy': 30.065648300156226, 'velocityx': -2.9079904337978933e-05, 'velocityy': -5.304860728868993e-06, 'acceleration': 9.622949968043494e-06, 'stop': 0, 'angle': 53.97262662347873}
2022-03-23 11:55:12,924 Timestamp
2022-03-23 11:55:12,929 12:27:15
2022-03-23 11:55:12,939 {'vecid': 242606374551181, 'locationx': 31.275437288881236, 'locationy': 30.063431138912787, 'velocityx': -0.001725970118465205, 'velocityy': -0.0016634246630532375, 'acceleration': 0.0061180151880279145, 'stop': 0, 'angle': 50.194428905732615}
2022-03-23 11:55:12,940 {'vecid': 242606374551181, 'locationx': 31.275437288881236, 'locationy': 30.063431138912787, 'velocityx': -0.001725970118465205, 'velocityy': -0.0016634246630532375, 'acceleration': 0.0061180151880279145, 'stop': 0, 'angle': 50.194428905732615}
2022-03-23 11:55:14,147 {'vecid': 251096697943453, 'locationx': 31.27754513705878, 'locationy': 30.065636510011785, 'velocityx': -1.0420687499075466e-05, 'velocityy': -1.3464407112939492e-05, 'acceleration': 1.4237044475034876e-05, 'stop': 0, 'angle': 29.744881289426324}
2022-03-23 11:55:15,926 Timestamp
2022-03-23 11:55:15,927 12:27:18
2022-03-23 11:55:15,938 {'vecid': 242606374551181, 'locationx': 31.276197021387123, 'locationy': 30.064134149936898, 'velocityx': -0.0015358051605395507, 'velocityy': -0.0015010447390347622, 'acceleration': 0.0027143071613167794, 'stop': 0, 'angle': 145.3048464712087}
2022-03-23 11:55:15,939 {'vecid': 242606374551181, 'locationx': 31.276197021387123, 'locationy': 30.064134149936898, 'velocityx': -0.0015358051605395507, 'velocityy': -0.0015010447390347622, 'acceleration': 0.0027143071613167794, 'stop': 0, 'angle': 145.3048464712087}
2022-03-23 11:55:18,931 Timestamp
2022-03-23 11:55:18,931 12:27:21
2022-03-23 11:55:18,946 {'vecid': 242606374551181, 'locationx': 31.276542814828115, 'locationy': 30.064449730929304, 'velocityx': -0.0008032447916371584, 'velocityy': -0.0007908671626853281, 'acceleration': 0.0007539955467088026, 'stop': 0, 'angle': 83.65980825706895}
2022-03-23 11:55:18,946 {'vecid': 242606374551181, 'locationx': 31.276542814828115, 'locationy': 30.064449730929304, 'velocityx': -0.0008032447916371584, 'velocityy': -0.0007908671626853281, 'acceleration': 0.0007539955467088026, 'stop': 0, 'angle': 83.65980825706895}
2022-03-23 11:55:21,923 Timestamp
2022-03-23 11:55:21,924 12:27:24
2022-03-23 11:55:21,935 {'vecid': 242606374551181, 'locationx': 31.27681666384755, 'locationy': 30.06471855251764, 'velocityx': -0.00023303156311433345, 'velocityy': -0.00021891932199168216, 'acceleration': 1.8788769341938758e-05, 'stop': 0, 'angle': 108.43494881681535}
2022-03-23 11:55:21,936 {'vecid': 242606374551181, 'locationx': 31.27681666384755, 'locationy': 30.06471855251764, 'velocityx': -0.00023303156311433345, 'velocityy': -0.00021891932199168216, 'acceleration': 1.8788769341938758e-05, 'stop': 0, 'angle': 108.43494881681535}
2022-03-23 11:55:22,953 {'vecid': 251096697943453, 'locationx': 31.277567432845075, 'locationy': 30.065512421930713, 'velocityx': 1.3998426312353065e-06, 'velocityy': -5.268190270304379e-05, 'acceleration': 1.0129542839018122e-05, 'stop': 0, 'angle': 15.94539590322725}
2022-03-23 11:55:24,928 Timestamp
2022-03-23 11:55:24,929 12:27:27
2022-03-23 11:55:24,947 {'vecid': 242606374551181, 'locationx': 31.27707464534896, 'locationy': 30.064977558932195, 'velocityx': 4.885381536917107e-05, 'velocityy': 6.076505663602243e-05, 'acceleration': 0.00015730217191328098, 'stop': 0, 'angle': 135.0}
2022-03-23 11:55:24,948 {'vecid': 242606374551181, 'locationx': 31.27707464534896, 'locationy': 30.064977558932195, 'velocityx': 4.885381536917107e-05, 'velocityy': 6.076505663602243e-05, 'acceleration': 0.00015730217191328098, 'stop': 0, 'angle': 135.0}
2022-03-23 11:55:26,026 {'vecid': 251096697943453, 'locationx': 31.27756451162303, 'locationy': 30.06549447938281, 'velocityx': -4.348562301865505e-06, 'velocityy': -2.04296578340355e-05, 'acceleration': 1.4911434130100741e-05, 'stop': 0, 'angle': 33.69006750719005}
2022-03-23 11:55:27,915 Timestamp
2022-03-23 11:55:27,916 12:27:30
2022-03-23 11:55:27,928 {'vecid': 242606374551181, 'locationx': 31.27728907282271, 'locationy': 30.06519924207351, 'velocityx': 0.0001218396520330085, 'velocityy': 0.00013475728190159535, 'acceleration': 8.395700132060267e-05, 'stop': 0, 'angle': 15.255118707755216}
2022-03-23 11:55:27,929 {'vecid': 242606374551181, 'locationx': 31.27728907282271, 'locationy': 30.06519924207351, 'velocityx': 0.0001218396520330085, 'velocityy': 0.00013475728190159535, 'acceleration': 8.395700132060267e-05, 'stop': 0, 'angle': 15.255118707755216}
2022-03-23 11:55:29,097 {'vecid': 251096697943453, 'locationx': 31.27756263375886, 'locationy': 30.065448383315676, 'velocityx': -3.245609703424555e-06, 'velocityy': -4.210497798300921e-05, 'acceleration': 6.1290281327456855e-06, 'stop': 0, 'angle': 33.69006750719005}
2022-03-23 11:55:30,943 Timestamp
2022-03-23 11:55:30,944 12:27:33
2022-03-23 11:55:30,955 {'vecid': 242606374551181, 'locationx': 31.277426559922656, 'locationy': 30.065371223782808, 'velocityx': 8.459284038237623e-05, 'velocityy': 0.00012180093230059883, 'acceleration': 1.1874184958121423e-05, 'stop': 0, 'angle': 170.13419305534694}
2022-03-23 11:55:30,956 {'vecid': 242606374551181, 'locationx': 31.277426559922656, 'locationy': 30.065371223782808, 'velocityx': 8.459284038237623e-05, 'velocityy': 0.00012180093230059883, 'acceleration': 1.1874184958121423e-05, 'stop': 0, 'angle': 170.13419305534694}
2022-03-23 11:55:31,965 {'vecid': 251096697943453, 'locationx': 31.277557729193106, 'locationy': 30.065410671087374, 'velocityx': -5.2227649097578834e-06, 'velocityy': -3.9167855118434774e-05, 'acceleration': 1.8912074346358412e-06, 'stop': 0, 'angle': 8.130102356598641}
2022-03-23 11:55:33,938 Timestamp
2022-03-23 11:55:33,939 12:27:36
2022-03-23 11:55:33,950 {'vecid': 242606374551181, 'locationx': 31.277507999074103, 'locationy': 30.065465760959448, 'velocityx': 4.104105550443481e-05, 'velocityy': 5.944498189830424e-05, 'acceleration': 5.387610935155006e-05, 'stop': 0, 'angle': 26.565051185220213}
2022-03-23 11:55:33,950 {'vecid': 242606374551181, 'locationx': 31.277507999074103, 'locationy': 30.065465760959448, 'velocityx': 4.104105550443481e-05, 'velocityy': 5.944498189830424e-05, 'acceleration': 5.387610935155006e-05, 'stop': 0, 'angle': 26.565051185220213}
2022-03-23 11:55:35,038 {'vecid': 251096697943453, 'locationx': 31.277565146767827, 'locationy': 30.065419323669957, 'velocityx': 6.746652330165616e-06, 'velocityy': 7.366274056698867e-06, 'acceleration': 2.515617480269933e-05, 'stop': 0, 'angle': 26.565051180567508}
2022-03-23 11:55:36,940 Timestamp
2022-03-23 11:55:36,940 12:27:39
2022-03-23 11:55:36,955 {'vecid': 242606374551181, 'locationx': 31.277543653753533, 'locationy': 30.06550403011786, 'velocityx': 6.069531737179728e-06, 'velocityy': 8.835951213197221e-06, 'acceleration': 6.102687179474777e-05, 'stop': 0, 'angle': 45.00000006106665}
2022-03-23 11:55:36,956 {'vecid': 242606374551181, 'locationx': 31.277543653753533, 'locationy': 30.06550403011786, 'velocityx': 6.069531737179728e-06, 'velocityy': 8.835951213197221e-06, 'acceleration': 6.102687179474777e-05, 'stop': 0, 'angle': 45.00000006106665}
2022-03-23 11:55:38,109 {'vecid': 251096697943453, 'locationx': 31.27757539448943, 'locationy': 30.065424173823903, 'velocityx': 1.1485198987916308e-05, 'velocityy': 1.0508030045541987e-05, 'acceleration': 1.253269502108702e-05, 'stop': 0, 'angle': 99.46232222453011}
2022-03-23 11:55:39,929 Timestamp
2022-03-23 11:55:39,930 12:27:42
2022-03-23 11:55:39,941 {'vecid': 242606374551181, 'locationx': 31.277559520898368, 'locationy': 30.065523280748213, 'velocityx': -4.901623302677422e-06, 'velocityy': -3.3500347998989178e-06, 'acceleration': 3.700346340548646e-05, 'stop': 0, 'angle': 18.434948835135344}
2022-03-23 11:55:39,942 {'vecid': 242606374551181, 'locationx': 31.277559520898368, 'locationy': 30.065523280748213, 'velocityx': -4.901623302677422e-06, 'velocityy': -3.3500347998989178e-06, 'acceleration': 3.700346340548646e-05, 'stop': 0, 'angle': 18.434948835135344}
2022-03-23 11:55:40,976 {'vecid': 251096697943453, 'locationx': 31.27758027797889, 'locationy': 30.065423936947955, 'velocityx': 6.1001433113276446e-06, 'velocityy': 2.4306460093788054e-06, 'acceleration': 9.814242543322535e-07, 'stop': 0, 'angle': 165.96375653207355}
2022-03-23 11:55:42,963 Timestamp
2022-03-23 11:55:42,963 12:27:45
2022-03-23 11:55:42,976 {'vecid': 242606374551181, 'locationx': 31.27756803647664, 'locationy': 30.065514183789976, 'velocityx': -3.631760356565067e-06, 'velocityy': -2.1485261616034278e-05, 'acceleration': 2.4719020310378628e-05, 'stop': 0, 'angle': 163.3007557727293}
2022-03-23 11:55:42,976 {'vecid': 242606374551181, 'locationx': 31.27756803647664, 'locationy': 30.065514183789976, 'velocityx': -3.631760356565067e-06, 'velocityy': -2.1485261616034278e-05, 'acceleration': 2.4719020310378628e-05, 'stop': 0, 'angle': 163.3007557727293}
2022-03-23 11:55:44,048 {'vecid': 251096697943453, 'locationx': 31.277579063763415, 'locationy': 30.06542492663564, 'velocityx': -1.318383217803461e-06, 'velocityy': 8.594841940810945e-07, 'acceleration': 4.415196135738801e-06, 'stop': 0, 'angle': 90.0}
2022-03-23 11:55:45,932 Timestamp
2022-03-23 11:55:45,933 12:27:48
2022-03-23 11:55:45,944 {'vecid': 242606374551181, 'locationx': 31.277583544346605, 'locationy': 30.06551018695721, 'velocityx': 9.269734580531993e-06, 'velocityy': -1.2716219443121855e-05, 'acceleration': 5.443403445109171e-06, 'stop': 0, 'angle': 90.0}
2022-03-23 11:55:45,944 {'vecid': 242606374551181, 'locationx': 31.277583544346605, 'locationy': 30.06551018695721, 'velocityx': 9.269734580531993e-06, 'velocityy': -1.2716219443121855e-05, 'acceleration': 5.443403445109171e-06, 'stop': 0, 'angle': 90.0}
2022-03-23 11:55:47,120 {'vecid': 251096697943453, 'locationx': 31.277576729036497, 'locationy': 30.065427764201186, 'velocityx': -3.327104844227003e-06, 'velocityy': 2.479345728366171e-06, 'acceleration': 2.8795359356737102e-06, 'stop': 0, 'angle': 153.4349487740687}
2022-03-23 11:55:48,968 Timestamp
2022-03-23 11:55:48,968 12:27:51
2022-03-23 11:55:48,979 {'vecid': 242606374551181, 'locationx': 31.277587698109322, 'locationy': 30.065519119114636, 'velocityx': 2.8653897237392817e-06, 'velocityy': 5.646623290299954e-06, 'acceleration': 7.988867692109043e-06, 'stop': 0, 'angle': 172.87498365485615}
2022-03-23 11:55:48,979 {'vecid': 242606374551181, 'locationx': 31.277587698109322, 'locationy': 30.065519119114636, 'velocityx': 2.8653897237392817e-06, 'velocityy': 5.646623290299954e-06, 'acceleration': 7.988867692109043e-06, 'stop': 0, 'angle': 172.87498365485615}
2022-03-23 11:55:51,957 Timestamp
2022-03-23 11:55:51,957 12:27:54
2022-03-23 11:55:51,969 {'vecid': 242606374551181, 'locationx': 31.277589506014895, 'locationy': 30.065523153945062, 'velocityx': 6.807196015361934e-08, 'velocityy': 4.881269294772994e-06, 'acceleration': 3.7950748933951694e-06, 'stop': 0, 'angle': 172.87498365485615}
2022-03-23 11:55:51,969 {'vecid': 242606374551181, 'locationx': 31.277589506014895, 'locationy': 30.065523153945062, 'velocityx': 6.807196015361934e-08, 'velocityy': 4.881269294772994e-06, 'acceleration': 3.7950748933951694e-06, 'stop': 0, 'angle': 172.87498365485615}
2022-03-23 11:55:53,059 {'vecid': 251096697943453, 'locationx': 31.277576174423714, 'locationy': 30.06541469641029, 'velocityx': 7.0650615983600095e-06, 'velocityy': -7.275167166794622e-06, 'acceleration': 7.402638556806142e-06, 'stop': 0, 'angle': 108.43494882699312}
2022-03-23 11:55:54,975 Timestamp
2022-03-23 11:55:54,976 12:27:57
2022-03-23 11:55:54,991 {'vecid': 242606374551181, 'locationx': 31.277587341016922, 'locationy': 30.065521771140308, 'velocityx': -3.365404596665382e-06, 'velocityy': -1.2587278114922419e-06, 'acceleration': 3.989100125326493e-06, 'stop': 0, 'angle': 33.69006750719005}
2022-03-23 11:55:54,992 {'vecid': 242606374551181, 'locationx': 31.277587341016922, 'locationy': 30.065521771140308, 'velocityx': -3.365404596665382e-06, 'velocityy': -1.2587278114922419e-06, 'acceleration': 3.989100125326493e-06, 'stop': 0, 'angle': 33.69006750719005}
2022-03-23 11:55:56,131 {'vecid': 251096697943453, 'locationx': 31.27758283943801, 'locationy': 30.065416419116655, 'velocityx': 8.34248030141478e-06, 'velocityy': 1.0183269744809663e-06, 'acceleration': 4.998651736404322e-06, 'stop': 0, 'angle': 44.99999997964445}
2022-03-23 11:55:57,967 Timestamp
2022-03-23 11:55:57,967 12:28:00
2022-03-23 11:55:57,979 {'vecid': 242606374551181, 'locationx': 31.277583903787665, 'locationy': 30.065516455087415, 'velocityx': -4.454743407460823e-06, 'velocityy': -6.118116744563476e-06, 'acceleration': 4.127476851740459e-06, 'stop': 0, 'angle': 26.56505120150465}
2022-03-23 11:55:57,980 {'vecid': 242606374551181, 'locationx': 31.277583903787665, 'locationy': 30.065516455087415, 'velocityx': -4.454743407460823e-06, 'velocityy': -6.118116744563476e-06, 'acceleration': 4.127476851740459e-06, 'stop': 0, 'angle': 26.56505120150465}
2022-03-23 11:55:58,931 {'vecid': 251096697943453, 'locationx': 31.277590590478972, 'locationy': 30.065410842014064, 'velocityx': 8.538592827752346e-06, 'velocityy': -4.585154634659093e-06, 'acceleration': 2.1817201597903167e-06, 'stop': 0, 'angle': 141.34019174293104}
2022-03-23 11:56:00,970 Timestamp
2022-03-23 11:56:00,970 12:28:03
2022-03-23 11:56:00,985 {'vecid': 242606374551181, 'locationx': 31.27758018542175, 'locationy': 30.065513364974514, 'velocityx': -4.314374636615216e-06, 'velocityy': -4.1655135345634196e-06, 'acceleration': 8.692851684339473e-07, 'stop': 0, 'angle': 63.43494877406869}
2022-03-23 11:56:00,986 {'vecid': 242606374551181, 'locationx': 31.27758018542175, 'locationy': 30.065513364974514, 'velocityx': -4.314374636615216e-06, 'velocityy': -4.1655135345634196e-06, 'acceleration': 8.692851684339473e-07, 'stop': 0, 'angle': 63.43494877406869}
2022-03-23 11:56:02,071 {'vecid': 251096697943453, 'locationx': 31.2776006139213, 'locationy': 30.065389018604222, 'velocityx': 1.0282353972628973e-05, 'velocityy': -2.1777136187350065e-05, 'acceleration': 9.921236340363697e-06, 'stop': 0, 'angle': 159.44395478125307}
2022-03-23 11:56:03,972 Timestamp
2022-03-23 11:56:03,972 12:28:06
2022-03-23 11:56:03,984 {'vecid': 242606374551181, 'locationx': 31.277579153546583, 'locationy': 30.065514979410008, 'velocityx': -1.3395783103855374e-06, 'velocityy': 1.3048805321817945e-06, 'acceleration': 2.9998565864582932e-06, 'stop': 0, 'angle': 63.43494877406869}
2022-03-23 11:56:03,984 {'vecid': 242606374551181, 'locationx': 31.277579153546583, 'locationy': 30.065514979410008, 'velocityx': -1.3395783103855374e-06, 'velocityy': 1.3048805321817945e-06, 'acceleration': 2.9998565864582932e-06, 'stop': 0, 'angle': 63.43494877406869}
2022-03-23 11:56:04,938 {'vecid': 251096697943453, 'locationx': 31.277613592952147, 'locationy': 30.06537705344851, 'velocityx': 1.3217943788759139e-05, 'velocityy': -1.4419551564929938e-05, 'acceleration': 2.1746153953007792e-06, 'stop': 0, 'angle': 116.56505117707799}
2022-03-23 11:56:06,973 Timestamp
2022-03-23 11:56:06,973 12:28:09
2022-03-23 11:56:06,989 {'vecid': 242606374551181, 'locationx': 31.277580404842443, 'locationy': 30.065514547017592, 'velocityx': 1.4501482676706934e-06, 'velocityy': 1.9366120637191653e-07, 'acceleration': 2.0572280987905884e-06, 'stop': 0, 'angle': 135.0}
2022-03-23 11:56:06,990 {'vecid': 242606374551181, 'locationx': 31.277580404842443, 'locationy': 30.065514547017592, 'velocityx': 1.4501482676706934e-06, 'velocityy': 1.9366120637191653e-07, 'acceleration': 2.0572280987905884e-06, 'stop': 0, 'angle': 135.0}
2022-03-23 11:56:08,010 {'vecid': 251096697943453, 'locationx': 31.277620954318422, 'locationy': 30.06536971536436, 'velocityx': 7.955974326271184e-06, 'velocityy': -7.416536509055386e-06, 'acceleration': 4.218305233631301e-06, 'stop': 0, 'angle': 135.0}
2022-03-23 11:56:09,957 Timestamp
2022-03-23 11:56:09,958 12:28:12
2022-03-23 11:56:09,970 {'vecid': 242606374551181, 'locationx': 31.277578588547538, 'locationy': 30.065514752571875, 'velocityx': -1.313132863954986e-06, 'velocityy': 2.7322424872700013e-07, 'acceleration': 7.138322517708718e-07, 'stop': 0, 'angle': 90.0}
2022-03-23 11:56:12,957 Timestamp
2022-03-23 11:56:12,958 12:28:15
2022-03-23 11:56:12,968 {'vecid': 242606374551181, 'locationx': 31.277578217845047, 'locationy': 30.065516187212946, 'velocityx': -5.822457629738373e-07, 'velocityy': 1.4292774324834279e-06, 'acceleration': 7.119945097561488e-07, 'stop': 0, 'angle': 90.0}
